<?xml version="1.0" encoding="UTF-8"?>
<testsuite name="com.example.helloworld.HelloworldApplicationTests" tests="1" skipped="0" failures="0" errors="0" timestamp="2022-08-22T02:54:41" hostname="DESKTOP-LVTDP7A" time="0.565">
  <properties/>
  <testcase name="contextLoads()" classname="com.example.helloworld.HelloworldApplicationTests" time="0.565"/>
  <system-out><![CDATA[11:54:39.286 [Test worker] DEBUG org.springframework.test.context.BootstrapUtils - Instantiating CacheAwareContextLoaderDelegate from class [org.springframework.test.context.cache.DefaultCacheAwareContextLoaderDelegate]
11:54:39.300 [Test worker] DEBUG org.springframework.test.context.BootstrapUtils - Instantiating BootstrapContext using constructor [public org.springframework.test.context.support.DefaultBootstrapContext(java.lang.Class,org.springframework.test.context.CacheAwareContextLoaderDelegate)]
11:54:39.341 [Test worker] DEBUG org.springframework.test.context.BootstrapUtils - Instantiating TestContextBootstrapper for test class [com.example.helloworld.HelloworldApplicationTests] from class [org.springframework.boot.test.context.SpringBootTestContextBootstrapper]
11:54:39.360 [Test worker] INFO org.springframework.boot.test.context.SpringBootTestContextBootstrapper - Neither @ContextConfiguration nor @ContextHierarchy found for test class [com.example.helloworld.HelloworldApplicationTests], using SpringBootContextLoader
11:54:39.366 [Test worker] DEBUG org.springframework.test.context.support.AbstractContextLoader - Did not detect default resource location for test class [com.example.helloworld.HelloworldApplicationTests]: class path resource [com/example/helloworld/HelloworldApplicationTests-context.xml] does not exist
11:54:39.366 [Test worker] DEBUG org.springframework.test.context.support.AbstractContextLoader - Did not detect default resource location for test class [com.example.helloworld.HelloworldApplicationTests]: class path resource [com/example/helloworld/HelloworldApplicationTestsContext.groovy] does not exist
11:54:39.367 [Test worker] INFO org.springframework.test.context.support.AbstractContextLoader - Could not detect default resource locations for test class [com.example.helloworld.HelloworldApplicationTests]: no resource found for suffixes {-context.xml, Context.groovy}.
11:54:39.369 [Test worker] INFO org.springframework.test.context.support.AnnotationConfigContextLoaderUtils - Could not detect default configuration classes for test class [com.example.helloworld.HelloworldApplicationTests]: HelloworldApplicationTests does not declare any static, non-private, non-final, nested classes annotated with @Configuration.
11:54:39.414 [Test worker] DEBUG org.springframework.test.context.support.ActiveProfilesUtils - Could not find an 'annotation declaring class' for annotation type [org.springframework.test.context.ActiveProfiles] and class [com.example.helloworld.HelloworldApplicationTests]
11:54:39.480 [Test worker] DEBUG org.springframework.context.annotation.ClassPathScanningCandidateComponentProvider - Identified candidate component class: file [C:\Users\ay612\IdeaProjects\helloworld\build\classes\java\main\com\example\helloworld\HelloworldApplication.class]
11:54:39.481 [Test worker] INFO org.springframework.boot.test.context.SpringBootTestContextBootstrapper - Found @SpringBootConfiguration com.example.helloworld.HelloworldApplication for test class com.example.helloworld.HelloworldApplicationTests
11:54:39.570 [Test worker] DEBUG org.springframework.boot.test.context.SpringBootTestContextBootstrapper - @TestExecutionListeners is not present for class [com.example.helloworld.HelloworldApplicationTests]: using defaults.
11:54:39.572 [Test worker] INFO org.springframework.boot.test.context.SpringBootTestContextBootstrapper - Loaded default TestExecutionListener class names from location [META-INF/spring.factories]: [org.springframework.boot.test.autoconfigure.restdocs.RestDocsTestExecutionListener, org.springframework.boot.test.autoconfigure.web.client.MockRestServiceServerResetTestExecutionListener, org.springframework.boot.test.autoconfigure.web.servlet.MockMvcPrintOnlyOnFailureTestExecutionListener, org.springframework.boot.test.autoconfigure.web.servlet.WebDriverTestExecutionListener, org.springframework.boot.test.autoconfigure.webservices.client.MockWebServiceServerTestExecutionListener, org.springframework.boot.test.mock.mockito.MockitoTestExecutionListener, org.springframework.boot.test.mock.mockito.ResetMocksTestExecutionListener, org.springframework.test.context.web.ServletTestExecutionListener, org.springframework.test.context.support.DirtiesContextBeforeModesTestExecutionListener, org.springframework.test.context.event.ApplicationEventsTestExecutionListener, org.springframework.test.context.support.DependencyInjectionTestExecutionListener, org.springframework.test.context.support.DirtiesContextTestExecutionListener, org.springframework.test.context.transaction.TransactionalTestExecutionListener, org.springframework.test.context.jdbc.SqlScriptsTestExecutionListener, org.springframework.test.context.event.EventPublishingTestExecutionListener]
11:54:39.587 [Test worker] DEBUG org.springframework.boot.test.context.SpringBootTestContextBootstrapper - Skipping candidate TestExecutionListener [org.springframework.test.context.transaction.TransactionalTestExecutionListener] due to a missing dependency. Specify custom listener classes or make the default listener classes and their required dependencies available. Offending class: [org/springframework/transaction/interceptor/TransactionAttributeSource]
11:54:39.587 [Test worker] DEBUG org.springframework.boot.test.context.SpringBootTestContextBootstrapper - Skipping candidate TestExecutionListener [org.springframework.test.context.jdbc.SqlScriptsTestExecutionListener] due to a missing dependency. Specify custom listener classes or make the default listener classes and their required dependencies available. Offending class: [org/springframework/transaction/interceptor/TransactionAttribute]
11:54:39.588 [Test worker] INFO org.springframework.boot.test.context.SpringBootTestContextBootstrapper - Using TestExecutionListeners: [org.springframework.test.context.web.ServletTestExecutionListener@6f0ca692, org.springframework.test.context.support.DirtiesContextBeforeModesTestExecutionListener@2c104774, org.springframework.test.context.event.ApplicationEventsTestExecutionListener@2cb3d0f7, org.springframework.boot.test.mock.mockito.MockitoTestExecutionListener@4e517165, org.springframework.boot.test.autoconfigure.SpringBootDependencyInjectionTestExecutionListener@44e3760b, org.springframework.test.context.support.DirtiesContextTestExecutionListener@6a66a204, org.springframework.test.context.event.EventPublishingTestExecutionListener@5860f3d7, org.springframework.boot.test.autoconfigure.restdocs.RestDocsTestExecutionListener@1d7f7be7, org.springframework.boot.test.autoconfigure.web.client.MockRestServiceServerResetTestExecutionListener@42f3156d, org.springframework.boot.test.autoconfigure.web.servlet.MockMvcPrintOnlyOnFailureTestExecutionListener@1ddae9b5, org.springframework.boot.test.autoconfigure.web.servlet.WebDriverTestExecutionListener@427b5f92, org.springframework.boot.test.autoconfigure.webservices.client.MockWebServiceServerTestExecutionListener@24bdb479, org.springframework.boot.test.mock.mockito.ResetMocksTestExecutionListener@7e3f95fe]
11:54:39.593 [Test worker] DEBUG org.springframework.test.context.support.AbstractDirtiesContextTestExecutionListener - Before test class: context [DefaultTestContext@659eef7 testClass = HelloworldApplicationTests, testInstance = [null], testMethod = [null], testException = [null], mergedContextConfiguration = [WebMergedContextConfiguration@162be91c testClass = HelloworldApplicationTests, locations = '{}', classes = '{class com.example.helloworld.HelloworldApplication}', contextInitializerClasses = '[]', activeProfiles = '{}', propertySourceLocations = '{}', propertySourceProperties = '{org.springframework.boot.test.context.SpringBootTestContextBootstrapper=true}', contextCustomizers = set[org.springframework.boot.test.autoconfigure.actuate.metrics.MetricsExportContextCustomizerFactory$DisableMetricExportContextCustomizer@19e4fcac, org.springframework.boot.test.autoconfigure.properties.PropertyMappingContextCustomizer@0, org.springframework.boot.test.autoconfigure.web.servlet.WebDriverContextCustomizerFactory$Customizer@ee86bcb, org.springframework.boot.test.context.filter.ExcludeFilterContextCustomizer@6ed3f258, org.springframework.boot.test.json.DuplicateJsonObjectContextCustomizerFactory$DuplicateJsonObjectContextCustomizer@bcef303, org.springframework.boot.test.mock.mockito.MockitoContextCustomizer@0, org.springframework.boot.test.web.client.TestRestTemplateContextCustomizer@24111ef1, org.springframework.boot.test.context.SpringBootTestArgs@1, org.springframework.boot.test.context.SpringBootTestWebEnvironment@306f16f3], resourceBasePath = 'src/main/webapp', contextLoader = 'org.springframework.boot.test.context.SpringBootContextLoader', parent = [null]], attributes = map['org.springframework.test.context.web.ServletTestExecutionListener.activateListener' -> true]], class annotated with @DirtiesContext [false] with mode [null].

  .   ____          _            __ _ _
 /\\ / ___'_ __ _ _(_)_ __  __ _ \ \ \ \
( ( )\___ | '_ | '_| | '_ \/ _` | \ \ \ \
 \\/  ___)| |_)| | | | | || (_| |  ) ) ) )
  '  |____| .__|_| |_|_| |_\__, | / / / /
 =========|_|==============|___/=/_/_/_/
 :: Spring Boot ::                (v2.7.2)

2022-08-22 11:54:39.921  INFO 2212 --- [    Test worker] c.e.h.HelloworldApplicationTests         : Starting HelloworldApplicationTests using Java 18.0.2 on DESKTOP-LVTDP7A with PID 2212 (started by ay612 in C:\Users\ay612\IdeaProjects\helloworld)
2022-08-22 11:54:39.922  INFO 2212 --- [    Test worker] c.e.h.HelloworldApplicationTests         : No active profile set, falling back to 1 default profile: "default"
2022-08-22 11:54:40.590  INFO 2212 --- [    Test worker] trationDelegate$BeanPostProcessorChecker : Bean 'org.springframework.ws.config.annotation.DelegatingWsConfiguration' of type [org.springframework.ws.config.annotation.DelegatingWsConfiguration$$EnhancerBySpringCGLIB$$6471ab17] is not eligible for getting processed by all BeanPostProcessors (for example: not eligible for auto-proxying)
2022-08-22 11:54:40.670  INFO 2212 --- [    Test worker] .w.s.a.s.AnnotationActionEndpointMapping : Supporting [WS-Addressing August 2004, WS-Addressing 1.0]
2022-08-22 11:54:41.479  INFO 2212 --- [    Test worker] c.e.h.HelloworldApplicationTests         : Started HelloworldApplicationTests in 1.824 seconds (JVM running for 2.988)
]]></system-out>
  <system-err><![CDATA[]]></system-err>
</testsuite>
